{"0":"m","1":"o","10":"v","11":":","12":"/","13":"/","14":"b","15":"i","16":"s","17":"w","18":"a","19":"j","2":"n","20":"i","21":"t","22":"s","23":"h","24":"r","25":"m","26":"6","27":":","28":"7","29":"D","3":"g","30":"L","31":"0","32":"L","33":"z","34":"8","35":"d","36":"x","37":"i","38":"c","39":"j","4":"o","40":"l","41":"X","42":"Q","43":"J","44":"@","45":"u","46":"s","47":"e","48":"r","49":"s","5":"d","50":".","51":"m","52":"t","53":"5","54":"y","55":"v","56":"f","57":"h","58":".","59":"m","6":"b","60":"o","61":"n","62":"g","63":"o","64":"d","65":"b","66":".","67":"n","68":"e","69":"t","7":"+","70":"/","71":"U","72":"s","73":"e","74":"r","75":"s","8":"s","9":"r","level":"info","message":"connect to db","timestamp":"2025-12-04T14:08:12.731Z"}
{"level":"info","message":"Database Connected","timestamp":"2025-12-04T14:08:14.940Z"}
{"0":"m","1":"o","10":"v","11":":","12":"/","13":"/","14":"b","15":"i","16":"s","17":"w","18":"a","19":"j","2":"n","20":"i","21":"t","22":"s","23":"h","24":"r","25":"m","26":"6","27":":","28":"7","29":"D","3":"g","30":"L","31":"0","32":"L","33":"z","34":"8","35":"d","36":"x","37":"i","38":"c","39":"j","4":"o","40":"l","41":"X","42":"Q","43":"J","44":"@","45":"u","46":"s","47":"e","48":"r","49":"s","5":"d","50":".","51":"m","52":"t","53":"5","54":"y","55":"v","56":"f","57":"h","58":".","59":"m","6":"b","60":"o","61":"n","62":"g","63":"o","64":"d","65":"b","66":".","67":"n","68":"e","69":"t","7":"+","70":"/","71":"U","72":"s","73":"e","74":"r","75":"s","8":"s","9":"r","level":"info","message":"connect to db","timestamp":"2025-12-04T14:09:29.038Z"}
{"level":"info","message":"Database Connected","timestamp":"2025-12-04T14:09:29.873Z"}
{"level":"info","message":"connectng to db !!...","timestamp":"2025-12-06T12:48:06.972Z"}
{"level":"info","message":"Database Connected","timestamp":"2025-12-06T12:48:08.181Z"}
{"level":"info","message":"Received POST request to /book-session","timestamp":"2025-12-06T16:29:57.181Z"}
{"level":"info","message":"Request body, undefined","timestamp":"2025-12-06T16:29:57.437Z"}
{"level":"info","message":"Received POST request to /book-session","timestamp":"2025-12-06T19:10:59.417Z"}
{"level":"info","message":"Request body, undefined","timestamp":"2025-12-06T19:10:59.432Z"}
{"level":"info","message":"Received POST request to /book-session","timestamp":"2025-12-06T19:16:43.012Z"}
{"level":"info","message":"Request body, undefined","timestamp":"2025-12-06T19:16:43.022Z"}
{"level":"info","message":"Received POST request to /book-session","timestamp":"2025-12-06T19:17:48.114Z"}
{"level":"info","message":"Request body, undefined","timestamp":"2025-12-06T19:17:48.115Z"}
{"level":"info","message":"Received POST request to /api/book-session","timestamp":"2025-12-06T19:21:25.426Z"}
{"level":"info","message":"Request body, undefined","timestamp":"2025-12-06T19:21:25.426Z"}
{"level":"info","message":"connectng to db !!...","timestamp":"2025-12-06T19:33:59.132Z"}
{"level":"info","message":"Database Connected","timestamp":"2025-12-06T19:34:03.451Z"}
{"level":"info","message":"connectng to db !!...","timestamp":"2025-12-06T19:35:43.808Z"}
{"level":"info","message":"Database Connected","timestamp":"2025-12-06T19:35:44.952Z"}
{"level":"info","message":"Received POST request to /api/book-session","timestamp":"2025-12-06T19:35:57.759Z"}
{"level":"info","message":"Request body: undefined","timestamp":"2025-12-06T19:35:57.759Z"}
{"level":"error","message":"Error while creating Booking: Cannot destructure property 'bookingData' of 'req.body' as it is undefined.","stack":"TypeError: Cannot destructure property 'bookingData' of 'req.body' as it is undefined.\n    at createBooking (file:///home/biswajit/devInWsl/DebsMake/server/dist/controlleres/Bookings.js:6:17)\n    at Layer.handleRequest (/home/biswajit/devInWsl/DebsMake/server/node_modules/router/lib/layer.js:152:17)\n    at next (/home/biswajit/devInWsl/DebsMake/server/node_modules/router/lib/route.js:157:13)\n    at Route.dispatch (/home/biswajit/devInWsl/DebsMake/server/node_modules/router/lib/route.js:117:3)\n    at handle (/home/biswajit/devInWsl/DebsMake/server/node_modules/router/index.js:435:11)\n    at Layer.handleRequest (/home/biswajit/devInWsl/DebsMake/server/node_modules/router/lib/layer.js:152:17)\n    at /home/biswajit/devInWsl/DebsMake/server/node_modules/router/index.js:295:15\n    at processParams (/home/biswajit/devInWsl/DebsMake/server/node_modules/router/index.js:582:12)\n    at next (/home/biswajit/devInWsl/DebsMake/server/node_modules/router/index.js:291:5)\n    at router.handle (/home/biswajit/devInWsl/DebsMake/server/node_modules/router/index.js:186:3)","timestamp":"2025-12-06T19:35:57.760Z"}
{"level":"info","message":"connectng to db !!...","timestamp":"2025-12-06T19:37:35.335Z"}
{"level":"info","message":"Database Connected","timestamp":"2025-12-06T19:37:36.260Z"}
{"level":"info","message":"Received POST request to /api/book-session","timestamp":"2025-12-06T19:38:17.010Z"}
{"level":"info","message":"Request body: undefined","timestamp":"2025-12-06T19:38:17.011Z"}
{"level":"error","message":"Error while creating Booking: Cannot destructure property 'bookingData' of 'req.body' as it is undefined.","stack":"TypeError: Cannot destructure property 'bookingData' of 'req.body' as it is undefined.\n    at createBooking (file:///home/biswajit/devInWsl/DebsMake/server/dist/controlleres/Bookings.js:6:17)\n    at Layer.handleRequest (/home/biswajit/devInWsl/DebsMake/server/node_modules/router/lib/layer.js:152:17)\n    at next (/home/biswajit/devInWsl/DebsMake/server/node_modules/router/lib/route.js:157:13)\n    at Route.dispatch (/home/biswajit/devInWsl/DebsMake/server/node_modules/router/lib/route.js:117:3)\n    at handle (/home/biswajit/devInWsl/DebsMake/server/node_modules/router/index.js:435:11)\n    at Layer.handleRequest (/home/biswajit/devInWsl/DebsMake/server/node_modules/router/lib/layer.js:152:17)\n    at /home/biswajit/devInWsl/DebsMake/server/node_modules/router/index.js:295:15\n    at processParams (/home/biswajit/devInWsl/DebsMake/server/node_modules/router/index.js:582:12)\n    at next (/home/biswajit/devInWsl/DebsMake/server/node_modules/router/index.js:291:5)\n    at router.handle (/home/biswajit/devInWsl/DebsMake/server/node_modules/router/index.js:186:3)","timestamp":"2025-12-06T19:38:17.013Z"}
{"level":"info","message":"connectng to db !!...","timestamp":"2025-12-22T15:18:38.108Z"}
{"level":"info","message":"Database Connected","timestamp":"2025-12-22T15:18:39.760Z"}
{"level":"info","message":"connectng to db !!...","timestamp":"2025-12-22T16:14:49.972Z"}
{"level":"info","message":"Database Connected","timestamp":"2025-12-22T16:14:51.125Z"}
{"level":"info","message":"Received GET request to /api","timestamp":"2025-12-22T16:17:10.224Z"}
{"level":"info","message":"Request body: undefined","timestamp":"2025-12-22T16:17:10.224Z"}
{"level":"info","message":"connectng to db !!...","timestamp":"2025-12-22T19:28:34.145Z"}
{"level":"info","message":"connectng to db !!...","timestamp":"2025-12-26T13:10:51.298Z"}
{"level":"info","message":"Database Connected","timestamp":"2025-12-26T13:11:04.468Z"}
{"level":"info","message":"Received GET request to /api","timestamp":"2025-12-26T13:11:19.788Z"}
{"level":"info","message":"Request body: undefined","timestamp":"2025-12-26T13:11:19.788Z"}
{"level":"info","message":"Received GET request to /api","timestamp":"2025-12-26T13:11:19.801Z"}
{"level":"info","message":"Request body: undefined","timestamp":"2025-12-26T13:11:19.802Z"}
{"level":"info","message":"Received GET request to /api","timestamp":"2025-12-26T13:24:59.769Z"}
{"level":"info","message":"Request body: undefined","timestamp":"2025-12-26T13:24:59.770Z"}
{"level":"info","message":"Received GET request to /api","timestamp":"2025-12-26T13:24:59.775Z"}
{"level":"info","message":"Request body: undefined","timestamp":"2025-12-26T13:24:59.776Z"}
{"level":"info","message":"Received GET request to /api","timestamp":"2025-12-26T18:05:44.063Z"}
{"level":"info","message":"Request body: undefined","timestamp":"2025-12-26T18:05:44.064Z"}
{"level":"info","message":"Received GET request to /api","timestamp":"2025-12-26T18:05:44.068Z"}
{"level":"info","message":"Request body: undefined","timestamp":"2025-12-26T18:05:44.068Z"}
{"level":"info","message":"Received GET request to /api","timestamp":"2025-12-26T18:16:59.126Z"}
{"level":"info","message":"Request body: undefined","timestamp":"2025-12-26T18:16:59.127Z"}
{"level":"info","message":"Received GET request to /api","timestamp":"2025-12-26T18:16:59.129Z"}
{"level":"info","message":"Request body: undefined","timestamp":"2025-12-26T18:16:59.129Z"}
{"level":"info","message":"connectng to db !!...","timestamp":"2025-12-26T19:05:02.100Z"}
{"level":"info","message":"Database Connected","timestamp":"2025-12-26T19:05:03.469Z"}
{"level":"info","message":"connectng to db !!...","timestamp":"2025-12-26T19:12:24.210Z"}
{"level":"info","message":"Database Connected","timestamp":"2025-12-26T19:12:25.097Z"}
{"level":"info","message":"connectng to db !!...","timestamp":"2025-12-26T19:13:51.642Z"}
{"level":"info","message":"Database Connected","timestamp":"2025-12-26T19:13:52.817Z"}
{"level":"info","message":"Received GET request to /api","timestamp":"2025-12-26T19:18:51.373Z"}
{"level":"info","message":"Request body: undefined","timestamp":"2025-12-26T19:18:51.374Z"}
{"level":"info","message":"Received GET request to /api","timestamp":"2025-12-26T19:18:51.386Z"}
{"level":"info","message":"Request body: undefined","timestamp":"2025-12-26T19:18:51.387Z"}
{"level":"info","message":"Received GET request to /api","timestamp":"2025-12-26T19:23:14.025Z"}
{"level":"info","message":"Request body: undefined","timestamp":"2025-12-26T19:23:14.025Z"}
{"level":"info","message":"Received GET request to /api","timestamp":"2025-12-26T19:23:14.029Z"}
{"level":"info","message":"Request body: undefined","timestamp":"2025-12-26T19:23:14.030Z"}
{"level":"info","message":"Received GET request to /api","timestamp":"2025-12-26T19:25:27.324Z"}
{"level":"info","message":"Request body: undefined","timestamp":"2025-12-26T19:25:27.325Z"}
{"level":"info","message":"Received GET request to /api","timestamp":"2025-12-26T19:25:27.329Z"}
{"level":"info","message":"Request body: undefined","timestamp":"2025-12-26T19:25:27.330Z"}
{"level":"info","message":"Received GET request to /api","timestamp":"2025-12-26T19:29:22.088Z"}
{"level":"info","message":"Request body: undefined","timestamp":"2025-12-26T19:29:22.088Z"}
{"level":"info","message":"Received GET request to /api","timestamp":"2025-12-26T19:29:22.091Z"}
{"level":"info","message":"Request body: undefined","timestamp":"2025-12-26T19:29:22.091Z"}
{"level":"info","message":"Received GET request to /api","timestamp":"2025-12-26T19:30:51.663Z"}
{"level":"info","message":"Request body: undefined","timestamp":"2025-12-26T19:30:51.664Z"}
{"level":"info","message":"Received GET request to /api","timestamp":"2025-12-26T19:30:51.671Z"}
{"level":"info","message":"Request body: undefined","timestamp":"2025-12-26T19:30:51.671Z"}
{"level":"info","message":"connectng to db !!...","timestamp":"2025-12-26T19:48:46.275Z"}
{"level":"info","message":"Database Connected","timestamp":"2025-12-26T19:48:47.147Z"}
{"level":"info","message":"Received GET request to /api","timestamp":"2025-12-26T19:49:08.500Z"}
{"level":"info","message":"Request body: undefined","timestamp":"2025-12-26T19:49:08.502Z"}
{"level":"info","message":"Received GET request to /api","timestamp":"2025-12-26T19:49:08.529Z"}
{"level":"info","message":"Request body: undefined","timestamp":"2025-12-26T19:49:08.532Z"}
{"level":"info","message":"Received GET request to /api","timestamp":"2025-12-26T20:01:28.131Z"}
{"level":"info","message":"Request body: undefined","timestamp":"2025-12-26T20:01:28.131Z"}
{"level":"info","message":"Received GET request to /api","timestamp":"2025-12-26T20:01:28.136Z"}
{"level":"info","message":"Request body: undefined","timestamp":"2025-12-26T20:01:28.137Z"}
{"level":"info","message":"Received GET request to /api","timestamp":"2025-12-26T20:04:23.540Z"}
{"level":"info","message":"Request body: undefined","timestamp":"2025-12-26T20:04:23.540Z"}
{"level":"info","message":"Received GET request to /api","timestamp":"2025-12-26T20:04:23.545Z"}
{"level":"info","message":"Request body: undefined","timestamp":"2025-12-26T20:04:23.545Z"}
{"level":"info","message":"Received GET request to /api","timestamp":"2025-12-26T20:13:13.349Z"}
{"level":"info","message":"Request body: undefined","timestamp":"2025-12-26T20:13:13.350Z"}
{"level":"info","message":"Received GET request to /api","timestamp":"2025-12-26T20:13:13.355Z"}
{"level":"info","message":"Request body: undefined","timestamp":"2025-12-26T20:13:13.356Z"}
{"level":"info","message":"Received GET request to /api","timestamp":"2025-12-26T20:22:18.824Z"}
{"level":"info","message":"Request body: undefined","timestamp":"2025-12-26T20:22:18.825Z"}
{"level":"info","message":"Received GET request to /api","timestamp":"2025-12-26T20:22:18.829Z"}
{"level":"info","message":"Request body: undefined","timestamp":"2025-12-26T20:22:18.830Z"}
{"level":"info","message":"Received GET request to /api","timestamp":"2025-12-26T20:22:24.664Z"}
{"level":"info","message":"Request body: undefined","timestamp":"2025-12-26T20:22:24.665Z"}
{"level":"info","message":"Received GET request to /api","timestamp":"2025-12-26T20:22:24.670Z"}
{"level":"info","message":"Request body: undefined","timestamp":"2025-12-26T20:22:24.670Z"}
{"level":"info","message":"Received GET request to /api","timestamp":"2025-12-26T20:22:34.712Z"}
{"level":"info","message":"Request body: undefined","timestamp":"2025-12-26T20:22:34.712Z"}
{"level":"info","message":"Received GET request to /api","timestamp":"2025-12-26T20:22:34.715Z"}
{"level":"info","message":"Request body: undefined","timestamp":"2025-12-26T20:22:34.715Z"}
{"level":"info","message":"Received GET request to /api","timestamp":"2025-12-26T20:22:49.406Z"}
{"level":"info","message":"Request body: undefined","timestamp":"2025-12-26T20:22:49.406Z"}
{"level":"info","message":"Received GET request to /api","timestamp":"2025-12-26T20:22:49.412Z"}
{"level":"info","message":"Request body: undefined","timestamp":"2025-12-26T20:22:49.412Z"}
{"level":"info","message":"Received GET request to /api","timestamp":"2025-12-26T20:23:19.919Z"}
{"level":"info","message":"Request body: undefined","timestamp":"2025-12-26T20:23:19.920Z"}
{"level":"info","message":"Received GET request to /api","timestamp":"2025-12-26T20:23:19.922Z"}
{"level":"info","message":"Request body: undefined","timestamp":"2025-12-26T20:23:19.922Z"}
{"level":"info","message":"Received GET request to /api","timestamp":"2025-12-26T20:23:25.855Z"}
{"level":"info","message":"Request body: undefined","timestamp":"2025-12-26T20:23:25.855Z"}
{"level":"info","message":"Received GET request to /api","timestamp":"2025-12-26T20:23:25.858Z"}
{"level":"info","message":"Request body: undefined","timestamp":"2025-12-26T20:23:25.859Z"}
{"level":"info","message":"Received GET request to /api","timestamp":"2025-12-26T20:23:31.242Z"}
{"level":"info","message":"Request body: undefined","timestamp":"2025-12-26T20:23:31.242Z"}
{"level":"info","message":"Received GET request to /api","timestamp":"2025-12-26T20:23:31.245Z"}
{"level":"info","message":"Request body: undefined","timestamp":"2025-12-26T20:23:31.245Z"}
{"level":"info","message":"Received GET request to /api","timestamp":"2025-12-26T20:27:12.769Z"}
{"level":"info","message":"Request body: undefined","timestamp":"2025-12-26T20:27:12.770Z"}
{"level":"info","message":"Received GET request to /api","timestamp":"2025-12-26T20:27:12.773Z"}
{"level":"info","message":"Request body: undefined","timestamp":"2025-12-26T20:27:12.773Z"}
{"level":"info","message":"Received GET request to /api","timestamp":"2025-12-26T20:30:41.099Z"}
{"level":"info","message":"Request body: undefined","timestamp":"2025-12-26T20:30:41.099Z"}
{"level":"info","message":"Received GET request to /api","timestamp":"2025-12-26T20:31:20.893Z"}
{"level":"info","message":"Request body: undefined","timestamp":"2025-12-26T20:31:20.893Z"}
{"level":"info","message":"Received GET request to /api","timestamp":"2025-12-26T20:31:20.908Z"}
{"level":"info","message":"Request body: undefined","timestamp":"2025-12-26T20:31:20.913Z"}
{"level":"info","message":"Received GET request to /api","timestamp":"2025-12-26T20:32:39.617Z"}
{"level":"info","message":"Request body: undefined","timestamp":"2025-12-26T20:32:39.617Z"}
{"level":"info","message":"Received GET request to /api","timestamp":"2025-12-26T20:32:39.625Z"}
{"level":"info","message":"Request body: undefined","timestamp":"2025-12-26T20:32:39.625Z"}
{"level":"info","message":"Received GET request to /api","timestamp":"2025-12-26T20:38:36.754Z"}
{"level":"info","message":"Request body: undefined","timestamp":"2025-12-26T20:38:36.755Z"}
{"level":"info","message":"Received GET request to /api","timestamp":"2025-12-26T20:38:36.757Z"}
{"level":"info","message":"Request body: undefined","timestamp":"2025-12-26T20:38:36.757Z"}
{"level":"info","message":"Received GET request to /api","timestamp":"2025-12-26T20:40:18.891Z"}
{"level":"info","message":"Request body: undefined","timestamp":"2025-12-26T20:40:18.892Z"}
{"level":"info","message":"Received GET request to /api","timestamp":"2025-12-26T20:40:18.894Z"}
{"level":"info","message":"Request body: undefined","timestamp":"2025-12-26T20:40:18.894Z"}
{"level":"info","message":"Received GET request to /api","timestamp":"2025-12-26T20:44:26.683Z"}
{"level":"info","message":"Request body: undefined","timestamp":"2025-12-26T20:44:26.683Z"}
{"level":"info","message":"Received GET request to /api","timestamp":"2025-12-26T20:44:26.686Z"}
{"level":"info","message":"Request body: undefined","timestamp":"2025-12-26T20:44:26.686Z"}
{"level":"info","message":"Received GET request to /api","timestamp":"2025-12-26T20:44:53.760Z"}
{"level":"info","message":"Request body: undefined","timestamp":"2025-12-26T20:44:53.760Z"}
{"level":"info","message":"Received GET request to /api","timestamp":"2025-12-26T20:44:53.763Z"}
{"level":"info","message":"Request body: undefined","timestamp":"2025-12-26T20:44:53.763Z"}
